#
# There is insufficient memory for the Java Runtime Environment to continue.
# Native memory allocation (malloc) failed to allocate 1048576 bytes for AllocateHeap
# Possible reasons:
#   The system is out of physical RAM or swap space
#   In 32 bit mode, the process size limit was hit
# Possible solutions:
#   Reduce memory load on the system
#   Increase physical memory or swap space
#   Check if swap backing store is full
#   Use 64 bit Java on a 64 bit OS
#   Decrease Java heap size (-Xmx/-Xms)
#   Decrease number of Java threads
#   Decrease Java thread stack sizes (-Xss)
#   Set larger code cache with -XX:ReservedCodeCacheSize=
# This output file may be truncated or incomplete.
#
#  Out of Memory Error (memory/allocation.inline.hpp:61), pid=8460, tid=0x0000000000005e20
#
# JRE version:  (8.0_152-b01) (build )
# Java VM: OpenJDK 64-Bit Server VM (25.152-b01 mixed mode windows-amd64 compressed oops)
# Failed to write core dump. Minidumps are not enabled by default on client versions of Windows
#

---------------  T H R E A D  ---------------

Current thread (0x0000000002e77000):  JavaThread "Unknown thread" [_thread_in_vm, id=24096, stack(0x0000000002d70000,0x0000000002e70000)]

Stack: [0x0000000002d70000,0x0000000002e70000]
[error occurred during error reporting (printing stack bounds), id 0xc0000005]

Native frames: (J=compiled Java code, j=interpreted, Vv=VM code, C=native code)


---------------  P R O C E S S  ---------------

Java Threads: ( => current thread )

Other Threads:

=>0x0000000002e77000 (exited) JavaThread "Unknown thread" [_thread_in_vm, id=24096, stack(0x0000000002d70000,0x0000000002e70000)]

VM state:not at safepoint (normal execution)

VM Mutex/Monitor currently owned by a thread: None

Heap:
 PSYoungGen      total 76288K, used 1310K [0x000000076b500000, 0x0000000770a00000, 0x00000007c0000000)
  eden space 65536K, 2% used [0x000000076b500000,0x000000076b647af0,0x000000076f500000)
  from space 10752K, 0% used [0x000000076ff80000,0x000000076ff80000,0x0000000770a00000)
  to   space 10752K, 0% used [0x000000076f500000,0x000000076f500000,0x000000076ff80000)
 ParOldGen       total 175104K, used 0K [0x00000006c1e00000, 0x00000006cc900000, 0x000000076b500000)
  object space 175104K, 0% used [0x00000006c1e00000,0x00000006c1e00000,0x00000006cc900000)
 Metaspace       used 772K, capacity 4480K, committed 4480K, reserved 1056768K
  class space    used 73K, capacity 384K, committed 384K, reserved 1048576K

Card table byte_map: [0x0000000012470000,0x0000000012c70000] byte_map_base: 0x000000000ee61000

Marking Bits: (ParMarkBitMap*) 0x0000000058925aa0
 Begin Bits: [0x00000000139c0000, 0x0000000017948000)
 End Bits:   [0x0000000017948000, 0x000000001b8d0000)

Polling page: 0x0000000000ed0000

CodeCache: size=245760Kb used=328Kb max_used=328Kb free=245431Kb
 bounds [0x00000000030b0000, 0x0000000003320000, 0x00000000120b0000]
 total_blobs=57 nmethods=0 adapters=38
 compilation: enabled

Compilation events (0 events):
No events

GC Heap History (0 events):
No events

Deoptimization events (0 events):
No events

Classes redefined (0 events):
No events

Internal exceptions (0 events):
No events

Events (10 events):
Event: 0.022 loading class java/lang/Short
Event: 0.022 loading class java/lang/Short done
Event: 0.022 loading class java/lang/Integer
Event: 0.022 loading class java/lang/Integer done
Event: 0.022 loading class java/lang/Long
Event: 0.022 loading class java/lang/Long done
Event: 0.023 loading class java/lang/NullPointerException
Event: 0.023 loading class java/lang/NullPointerException done
Event: 0.023 loading class java/lang/ArithmeticException
Event: 0.023 loading class java/lang/ArithmeticException done


Dynamic libraries:
0x00007ff6fd040000 - 0x00007ff6fd071000 	D:\Android Studio\jre\bin\java.exe
0x00007ffdb7f80000 - 0x00007ffdb816d000 	C:\WINDOWS\SYSTEM32\ntdll.dll
0x00007ffdb79f0000 - 0x00007ffdb7aa3000 	C:\WINDOWS\System32\KERNEL32.DLL
0x00007ffdb4de0000 - 0x00007ffdb5073000 	C:\WINDOWS\System32\KERNELBASE.dll
0x00007ffdb7be0000 - 0x00007ffdb7c83000 	C:\WINDOWS\System32\ADVAPI32.dll
0x00007ffdb7650000 - 0x00007ffdb76ee000 	C:\WINDOWS\System32\msvcrt.dll
0x00007ffdb7950000 - 0x00007ffdb79ee000 	C:\WINDOWS\System32\sechost.dll
0x00007ffdb7ab0000 - 0x00007ffdb7bd2000 	C:\WINDOWS\System32\RPCRT4.dll
0x00007ffdb7db0000 - 0x00007ffdb7f47000 	C:\WINDOWS\System32\USER32.dll
0x00007ffdb4dc0000 - 0x00007ffdb4de0000 	C:\WINDOWS\System32\win32u.dll
0x00007ffdb6a20000 - 0x00007ffdb6a49000 	C:\WINDOWS\System32\GDI32.dll
0x00007ffdb41f0000 - 0x00007ffdb438a000 	C:\WINDOWS\System32\gdi32full.dll
0x00007ffdb4150000 - 0x00007ffdb41f0000 	C:\WINDOWS\System32\msvcp_win.dll
0x00007ffdb4050000 - 0x00007ffdb414c000 	C:\WINDOWS\System32\ucrtbase.dll
0x00007ffda38d0000 - 0x00007ffda3b49000 	C:\WINDOWS\WinSxS\amd64_microsoft.windows.common-controls_6595b64144ccf1df_6.0.17763.292_none_05b137b40722e6bb\COMCTL32.dll
0x00007ffdb7080000 - 0x00007ffdb73ad000 	C:\WINDOWS\System32\combase.dll
0x00007ffdb5080000 - 0x00007ffdb50fe000 	C:\WINDOWS\System32\bcryptPrimitives.dll
0x00007ffdb7620000 - 0x00007ffdb764e000 	C:\WINDOWS\System32\IMM32.DLL
0x000000005a940000 - 0x000000005aa12000 	D:\Android Studio\jre\jre\bin\msvcr100.dll
0x0000000058160000 - 0x00000000589a1000 	D:\Android Studio\jre\jre\bin\server\jvm.dll
0x00007ffdb52c0000 - 0x00007ffdb52c8000 	C:\WINDOWS\System32\PSAPI.DLL
0x00007ffdafe00000 - 0x00007ffdafe09000 	C:\WINDOWS\SYSTEM32\WSOCK32.dll
0x00007ffda9fb0000 - 0x00007ffda9fd4000 	C:\WINDOWS\SYSTEM32\WINMM.dll
0x00007ffdb21d0000 - 0x00007ffdb21da000 	C:\WINDOWS\SYSTEM32\VERSION.dll
0x00007ffdb7700000 - 0x00007ffdb776d000 	C:\WINDOWS\System32\WS2_32.dll
0x00007ffda9f80000 - 0x00007ffda9fad000 	C:\WINDOWS\SYSTEM32\WINMMBASE.dll
0x00007ffdb4390000 - 0x00007ffdb43da000 	C:\WINDOWS\System32\cfgmgr32.dll
0x00007ffdaf350000 - 0x00007ffdaf35f000 	D:\Android Studio\jre\jre\bin\verify.dll
0x00007ffdab7d0000 - 0x00007ffdab7f9000 	D:\Android Studio\jre\jre\bin\java.dll
0x00007ffdae490000 - 0x00007ffdae4b3000 	D:\Android Studio\jre\jre\bin\instrument.dll
0x00007ffdab670000 - 0x00007ffdab686000 	D:\Android Studio\jre\jre\bin\zip.dll

VM Arguments:
jvm_args: -ea -Didea.test.cyclic.buffer.size=1048576 -javaagent:D:\Android Studio\lib\idea_rt.jar=60446:D:\Android Studio\bin -Dfile.encoding=UTF-8 
java_command: com.intellij.rt.execution.junit.JUnitStarter -ideVersion5 -junit4 com.elmilabs.scooters.scooterListing.ScooterListPresenterTest,should hide loading on error
java_class_path (initial): D:\Android Studio\lib\idea_rt.jar;D:\Android Studio\plugins\junit\lib\junit-rt.jar;D:\Android Studio\plugins\junit\lib\junit5-rt.jar;D:\AndroidSDK\platforms\android-28\data\res;D:\ElmiLabs\Scooters\app\build\intermediates\javac\debugUnitTest\compileDebugUnitTestJavaWithJavac\classes;D:\ElmiLabs\Scooters\app\build\intermediates\javac\debug\compileDebugJavaWithJavac\classes;D:\ElmiLabs\Scooters\app\build\tmp\kotlin-classes\debug;D:\ElmiLabs\Scooters\app\build\tmp\kapt3\classes\debug;D:\ElmiLabs\Scooters\app\build\generated\res\rs\debug;D:\ElmiLabs\Scooters\app\build\generated\res\resValues\debug;D:\ElmiLabs\Scooters\app\build\tmp\kotlin-classes\debugUnitTest;D:\ElmiLabs\Scooters\app\build\tmp\kapt3\classes\debugUnitTest;C:\Users\Desktop\.gradle\caches\modules-2\files-2.1\org.objenesis\objenesis\2.6\639033469776fd37c08358c6b92a4761feb2af4b\objenesis-2.6.jar;C:\Users\Desktop\.gradle\caches\modules-2\files-2.1\org.jetbrains.kotlin\kotlin-stdlib-common\1.3.21\f30e4a9897913e53d778f564110bafa1fef46643\kotlin-stdlib-common-1.3.21.jar;C:\Users\Desktop\.gradle\caches\transforms-1\files-1.1\drawerlayout-1.0.0.aar\2d797e78ade671471ca656a4baa1880b\jars\classes.jar;C:\Users\Desktop\.gradle\caches\transforms-1\files-1.1\documentfile-1.0.0.aar\6745690cda7ec1e353f40f089d64c584\jars\classes.jar;C:\Users\Desktop\.gradle\caches\transforms-1\files-1.1\localbroadcastmanager-1.0.0.aar\6f02fdeb3d090003c0c7b6e17c678c10\jars\classes.jar;C:\Users\Desktop\.gradle\caches\modules-2\files-2.1\com.squareup.okhttp3\okhttp\3.12.1\dc6d02e4e68514eff5631963e28ca7742ac69efe\okhttp-3.12.1.jar;C:\Users\Desktop\.gradle\caches\transforms-1\files-1.1\cardview-1.0.0.aar\8e4e9d5a6971a3fe62c318398c36902a\jars\classes.jar;C:\Users\Desktop\.gradle\caches\transforms-1\files-1.1\cardview-1.0.0.aar\8e4e9d5a6971a3fe62c318398c36902a\res;C:\Users\Desktop\.gradle\caches\transforms-1\files-1.1\recyclerview-1.0.0.aar\3fbf98379eb4ca706d1a3ef90b000ef4\jars\classes.jar;C:\Users\Desktop\.gradle\cac
Launcher Type: SUN_STANDARD

Environment Variables:
JAVA_HOME=C:\Program Files\Java\jdk1.8.0_111
PATH=C:\Program Files (x86)\Common Files\Oracle\Java\javapath;C:\Program Files\Java\jdk1.8.0_111;C:\Windows\system32;C:\Windows;C:\Windows\System32\Wbem;C:\Windows\System32\WindowsPowerShell\v1.0\;C:\Program Files\Intel\WiFi\bin\;C:\Program Files\Common Files\Intel\WirelessCommon\;C:\WINDOWS\system32;C:\WINDOWS;C:\WINDOWS\System32\Wbem;C:\WINDOWS\System32\WindowsPowerShell\v1.0\;C:\Program Files\Git\cmd;C:\WINDOWS\System32\OpenSSH\;C:\Program Files (x86)\NVIDIA Corporation\PhysX\Common;C:\Program Files\NVIDIA Corporation\NVIDIA NvDLISR;;C:\WINDOWS\system32;C:\WINDOWS;C:\WINDOWS\System32\Wbem;C:\WINDOWS\System32\WindowsPowerShell\v1.0\;C:\WINDOWS\System32\OpenSSH\;D:\Program Files\nodejs\;C:\Users\Desktop\AppData\Local\Microsoft\WindowsApps;C:\Program Files\Intel\WiFi\bin\;C:\Program Files\Common Files\Intel\WirelessCommon\;D:\Exercism;C:\Users\Desktop\AppData\Local\GitHubDesktop\bin;C:\Users\Desktop\AppData\Roaming\npm
USERNAME=Desktop
OS=Windows_NT
PROCESSOR_IDENTIFIER=Intel64 Family 6 Model 94 Stepping 3, GenuineIntel



---------------  S Y S T E M  ---------------

OS: Windows 10.0 , 64 bit Build 17763 (10.0.17763.292)

CPU:total 8 (initial active 8) (4 cores per cpu, 2 threads per core) family 6 model 94 stepping 3, cmov, cx8, fxsr, mmx, sse, sse2, sse3, ssse3, sse4.1, sse4.2, popcnt, avx, avx2, aes, clmul, erms, rtm, 3dnowpref, lzcnt, ht, tsc, tscinvbit, bmi1, bmi2, adx

Memory: 4k page, physical 16650768k(1679048k free), swap 32113808k(5932k free)

vm_info: OpenJDK 64-Bit Server VM (25.152-b01) for windows-amd64 JRE (1.8.0_152-release-1248-b01), built by "builder" with MS VC++ 10.0 (VS2010)

time: Sun Feb 17 06:41:35 2019
elapsed time: 0 seconds (0d 0h 0m 0s)

