#
# There is insufficient memory for the Java Runtime Environment to continue.
# Native memory allocation (malloc) failed to allocate 32744 bytes for ChunkPool::allocate
# Possible reasons:
#   The system is out of physical RAM or swap space
#   In 32 bit mode, the process size limit was hit
# Possible solutions:
#   Reduce memory load on the system
#   Increase physical memory or swap space
#   Check if swap backing store is full
#   Use 64 bit Java on a 64 bit OS
#   Decrease Java heap size (-Xmx/-Xms)
#   Decrease number of Java threads
#   Decrease Java thread stack sizes (-Xss)
#   Set larger code cache with -XX:ReservedCodeCacheSize=
# This output file may be truncated or incomplete.
#
#  Out of Memory Error (allocation.cpp:273), pid=23828, tid=0x00000000000023e4
#
# JRE version: OpenJDK Runtime Environment (8.0_152-b01) (build 1.8.0_152-release-1248-b01)
# Java VM: OpenJDK 64-Bit Server VM (25.152-b01 mixed mode windows-amd64 compressed oops)
# Failed to write core dump. Minidumps are not enabled by default on client versions of Windows
#

---------------  T H R E A D  ---------------

Current thread (0x0000000002d27000):  JavaThread "main" [_thread_in_vm, id=9188, stack(0x0000000002c20000,0x0000000002d20000)]

Stack: [0x0000000002c20000,0x0000000002d20000]
[error occurred during error reporting (printing stack bounds), id 0xc0000005]

Native frames: (J=compiled Java code, j=interpreted, Vv=VM code, C=native code)

Java frames: (J=compiled Java code, j=interpreted, Vv=VM code)
J 385  java.lang.Throwable.fillInStackTrace(I)Ljava/lang/Throwable; (0 bytes) @ 0x000000000312893b [0x0000000003128900+0x3b]
J 1250 C2 java.lang.Throwable.<init>()V (29 bytes) @ 0x000000000334b3cc [0x000000000334b300+0xcc]
J 1230 C1 com.elmilabs.scooters.scooterListing.ScooterListPresenter$getListOfScooters$1$4.accept(Ljava/lang/Object;)V (9 bytes) @ 0x000000000333daac [0x000000000333d1a0+0x90c]
J 1229 C1 io.reactivex.internal.observers.LambdaObserver.onError(Ljava/lang/Throwable;)V (62 bytes) @ 0x000000000333734c [0x0000000003336f40+0x40c]
J 1226 C1 io.reactivex.internal.operators.observable.ObservableSwitchMap$SwitchMapObserver.drain()V (477 bytes) @ 0x000000000333b694 [0x00000000033387a0+0x2ef4]
J 1241 C2 io.reactivex.internal.operators.observable.ObservableObserveOn$ObserveOnObserver.checkTerminated(ZZLio/reactivex/Observer;)Z (137 bytes) @ 0x00000000033454d4 [0x0000000003345280+0x254]
J 1140 C1 io.reactivex.internal.operators.observable.ObservableObserveOn$ObserveOnObserver.drainNormal()V (150 bytes) @ 0x00000000032f666c [0x00000000032f6480+0x1ec]
J 1129 C1 io.reactivex.internal.operators.observable.ObservableObserveOn$ObserveOnObserver.run()V (19 bytes) @ 0x00000000032f31e4 [0x00000000032f3000+0x1e4]
J 1235 C2 io.reactivex.internal.schedulers.ExecutorScheduler$ExecutorWorker.schedule(Ljava/lang/Runnable;)Lio/reactivex/disposables/Disposable; (132 bytes) @ 0x000000000334bd60 [0x000000000334ba20+0x340]
J 1139 C1 io.reactivex.internal.operators.observable.ObservableObserveOn$ObserveOnObserver.onError(Ljava/lang/Throwable;)V (27 bytes) @ 0x00000000032fc16c [0x00000000032fbe20+0x34c]
J 1214 C1 io.reactivex.internal.operators.observable.ObservableDoOnEach$DoOnEachObserver.onError(Ljava/lang/Throwable;)V (87 bytes) @ 0x000000000332e8dc [0x000000000332e320+0x5bc]
J 1212 C1 io.reactivex.internal.operators.observable.ObservableUnsubscribeOn$UnsubscribeObserver.onError(Ljava/lang/Throwable;)V (23 bytes) @ 0x000000000332db6c [0x000000000332d8e0+0x28c]
J 1211 C1 io.reactivex.internal.operators.observable.ObservableSubscribeOn$SubscribeOnObserver.onError(Ljava/lang/Throwable;)V (11 bytes) @ 0x000000000332d54c [0x000000000332d440+0x10c]
J 1208 C1 io.reactivex.internal.operators.observable.ObservableError.subscribeActual(Lio/reactivex/Observer;)V (34 bytes) @ 0x000000000332c4e4 [0x000000000332bfe0+0x504]
J 1220 C2 io.reactivex.Observable.subscribe(Lio/reactivex/Observer;)V (62 bytes) @ 0x0000000003332a98 [0x0000000003332a00+0x98]
J 1207 C1 io.reactivex.internal.operators.observable.ObservableSubscribeOn$SubscribeTask.run()V (17 bytes) @ 0x000000000332bbc4 [0x000000000332ba80+0x144]
J 1145 C1 io.reactivex.Scheduler$DisposeTask.run()V (41 bytes) @ 0x00000000032fa82c [0x00000000032fa6e0+0x14c]
J 1235 C2 io.reactivex.internal.schedulers.ExecutorScheduler$ExecutorWorker.schedule(Ljava/lang/Runnable;)Lio/reactivex/disposables/Disposable; (132 bytes) @ 0x000000000334bd60 [0x000000000334ba20+0x340]
J 1109 C1 io.reactivex.internal.schedulers.ExecutorScheduler$ExecutorWorker.schedule(Ljava/lang/Runnable;JLjava/util/concurrent/TimeUnit;)Lio/reactivex/disposables/Disposable; (177 bytes) @ 0x00000000032dfbbc [0x00000000032de7e0+0x13dc]
J 1130 C1 io.reactivex.Scheduler.scheduleDirect(Ljava/lang/Runnable;JLjava/util/concurrent/TimeUnit;)Lio/reactivex/disposables/Disposable; (39 bytes) @ 0x00000000032e99f4 [0x00000000032e9400+0x5f4]
j  com.elmilabs.RxImmediateSchedulerRule$1.scheduleDirect(Ljava/lang/Runnable;JLjava/util/concurrent/TimeUnit;)Lio/reactivex/disposables/Disposable;+5
J 1206 C1 io.reactivex.Scheduler.scheduleDirect(Ljava/lang/Runnable;)Lio/reactivex/disposables/Disposable; (10 bytes) @ 0x000000000332b754 [0x000000000332b640+0x114]
J 1200 C1 io.reactivex.internal.operators.observable.ObservableSubscribeOn.subscribeActual(Lio/reactivex/Observer;)V (37 bytes) @ 0x0000000003329e6c [0x0000000003329960+0x50c]
J 1220 C2 io.reactivex.Observable.subscribe(Lio/reactivex/Observer;)V (62 bytes) @ 0x0000000003332a98 [0x0000000003332a00+0x98]
J 1196 C1 io.reactivex.internal.operators.observable.ObservableUnsubscribeOn.subscribeActual(Lio/reactivex/Observer;)V (22 bytes) @ 0x0000000003324cb4 [0x0000000003324a20+0x294]
J 1220 C2 io.reactivex.Observable.subscribe(Lio/reactivex/Observer;)V (62 bytes) @ 0x0000000003332a98 [0x0000000003332a00+0x98]
J 1194 C1 io.reactivex.internal.operators.observable.ObservableDoOnEach.subscribeActual(Lio/reactivex/Observer;)V (34 bytes) @ 0x00000000033238b4 [0x0000000003323600+0x2b4]
J 1220 C2 io.reactivex.Observable.subscribe(Lio/reactivex/Observer;)V (62 bytes) @ 0x0000000003332a98 [0x0000000003332a00+0x98]
J 1154 C1 io.reactivex.internal.operators.observable.ObservableObserveOn.subscribeActual(Lio/reactivex/Observer;)V (58 bytes) @ 0x0000000003304bb4 [0x00000000033045a0+0x614]
J 1220 C2 io.reactivex.Observable.subscribe(Lio/reactivex/Observer;)V (62 bytes) @ 0x0000000003332a98 [0x0000000003332a00+0x98]
J 1190 C1 io.reactivex.internal.operators.observable.ObservableSwitchMap.subscribeActual(Lio/reactivex/Observer;)V (46 bytes) @ 0x000000000331fd44 [0x000000000331fae0+0x264]
J 1220 C2 io.reactivex.Observable.subscribe(Lio/reactivex/Observer;)V (62 bytes) @ 0x0000000003332a98 [0x0000000003332a00+0x98]
J 1136 C1 io.reactivex.Observable.subscribe(Lio/reactivex/functions/Consumer;Lio/reactivex/functions/Consumer;Lio/reactivex/functions/Action;Lio/reactivex/functions/Consumer;)Lio/reactivex/disposables/Disposable; (55 bytes) @ 0x00000000032fd08c [0x00000000032fcbe0+0x4ac]
J 1179 C1 com.elmilabs.scooters.scooterListing.ScooterListPresenter$getListOfScooters$1.invoke(J)V (89 bytes) @ 0x0000000003316abc [0x0000000003314800+0x22bc]
J 1178 C1 com.elmilabs.scooters.scooterListing.ScooterListPresenter$getListOfScooters$1.accept(Ljava/lang/Object;)V (12 bytes) @ 0x0000000003314074 [0x0000000003313de0+0x294]
J 1177 C1 io.reactivex.internal.observers.LambdaObserver.onNext(Ljava/lang/Object;)V (43 bytes) @ 0x00000000033135cc [0x00000000033132c0+0x30c]
J 1140 C1 io.reactivex.internal.operators.observable.ObservableObserveOn$ObserveOnObserver.drainNormal()V (150 bytes) @ 0x00000000032f69b4 [0x00000000032f6480+0x534]
J 1129 C1 io.reactivex.internal.operators.observable.ObservableObserveOn$ObserveOnObserver.run()V (19 bytes) @ 0x00000000032f31e4 [0x00000000032f3000+0x1e4]
J 1235 C2 io.reactivex.internal.schedulers.ExecutorScheduler$ExecutorWorker.schedule(Ljava/lang/Runnable;)Lio/reactivex/disposables/Disposable; (132 bytes) @ 0x000000000334bd60 [0x000000000334ba20+0x340]
J 1173 C1 io.reactivex.internal.operators.observable.ObservableObserveOn$ObserveOnObserver.onNext(Ljava/lang/Object;)V (32 bytes) @ 0x000000000330f934 [0x000000000330f520+0x414]
J 1172 C1 io.reactivex.internal.operators.observable.ObservableInterval$IntervalObserver.run()V (34 bytes) @ 0x000000000330b96c [0x000000000330b740+0x22c]
J 1171 C1 io.reactivex.Scheduler$PeriodicDirectTask.run()V (37 bytes) @ 0x000000000330e96c [0x000000000330e820+0x14c]
J 1170 C1 io.reactivex.Scheduler$Worker$PeriodicTask.run()V (147 bytes) @ 0x000000000330ce5c [0x000000000330cd40+0x11c]
J 1237 C2 io.reactivex.internal.schedulers.ExecutorScheduler$ExecutorWorker$InterruptibleRunnable.run()V (125 bytes) @ 0x0000000003347e64 [0x0000000003347dc0+0xa4]
j  io.reactivex.internal.schedulers.ExecutorScheduler$ExecutorWorker.run()V+35
j  com.elmilabs.RxImmediateSchedulerRule$1$$Lambda$5.execute(Ljava/lang/Runnable;)V+1
j  io.reactivex.internal.schedulers.ExecutorScheduler$ExecutorWorker.schedule(Ljava/lang/Runnable;)Lio/reactivex/disposables/Disposable;+98
j  io.reactivex.internal.schedulers.ExecutorScheduler$ExecutorWorker.schedule(Ljava/lang/Runnable;JLjava/util/concurrent/TimeUnit;)Lio/reactivex/disposables/Disposable;+8
j  io.reactivex.Scheduler$Worker.schedulePeriodically(Ljava/lang/Runnable;JJLjava/util/concurrent/TimeUnit;)Lio/reactivex/disposables/Disposable;+77
j  io.reactivex.Scheduler.schedulePeriodicallyDirect(Ljava/lang/Runnable;JJLjava/util/concurrent/TimeUnit;)Lio/reactivex/disposables/Disposable;+34
j  io.reactivex.internal.operators.observable.ObservableInterval.subscribeActual(Lio/reactivex/Observer;)V+76
j  io.reactivex.Observable.subscribe(Lio/reactivex/Observer;)V+24
j  io.reactivex.internal.operators.observable.ObservableObserveOn.subscribeActual(Lio/reactivex/Observer;)V+52
j  io.reactivex.Observable.subscribe(Lio/reactivex/Observer;)V+24
j  io.reactivex.Observable.subscribe(Lio/reactivex/functions/Consumer;Lio/reactivex/functions/Consumer;Lio/reactivex/functions/Action;Lio/reactivex/functions/Consumer;)Lio/reactivex/disposables/Disposable;+49
j  io.reactivex.Observable.subscribe(Lio/reactivex/functions/Consumer;Lio/reactivex/functions/Consumer;)Lio/reactivex/disposables/Disposable;+9
j  com.elmilabs.scooters.scooterListing.ScooterListPresenter.getListOfScooters()V+39
j  com.elmilabs.scooters.scooterListing.ScooterListPresenterTest.should hide loading on error()V+110
v  ~StubRoutines::call_stub
j  sun.reflect.NativeMethodAccessorImpl.invoke0(Ljava/lang/reflect/Method;Ljava/lang/Object;[Ljava/lang/Object;)Ljava/lang/Object;+0
j  sun.reflect.NativeMethodAccessorImpl.invoke(Ljava/lang/Object;[Ljava/lang/Object;)Ljava/lang/Object;+100
J 555 C1 sun.reflect.DelegatingMethodAccessorImpl.invoke(Ljava/lang/Object;[Ljava/lang/Object;)Ljava/lang/Object; (10 bytes) @ 0x00000000031b5f4c [0x00000000031b5e40+0x10c]
J 554 C1 java.lang.reflect.Method.invoke(Ljava/lang/Object;[Ljava/lang/Object;)Ljava/lang/Object; (62 bytes) @ 0x00000000031b71b4 [0x00000000031b6dc0+0x3f4]
j  org.junit.runners.model.FrameworkMethod$1.runReflectiveCall()Ljava/lang/Object;+15
j  org.junit.internal.runners.model.ReflectiveCallable.run()Ljava/lang/Object;+1
j  org.junit.runners.model.FrameworkMethod.invokeExplosively(Ljava/lang/Object;[Ljava/lang/Object;)Ljava/lang/Object;+10
j  org.junit.internal.runners.statements.InvokeMethod.evaluate()V+12
j  org.junit.internal.runners.statements.RunBefores.evaluate()V+49
j  com.elmilabs.RxImmediateSchedulerRule$2.evaluate()V+51
j  org.junit.rules.RunRules.evaluate()V+4
j  org.junit.runners.ParentRunner.runLeaf(Lorg/junit/runners/model/Statement;Lorg/junit/runner/Description;Lorg/junit/runner/notification/RunNotifier;)V+17
j  org.junit.runners.BlockJUnit4ClassRunner.runChild(Lorg/junit/runners/model/FrameworkMethod;Lorg/junit/runner/notification/RunNotifier;)V+32
j  org.junit.runners.BlockJUnit4ClassRunner.runChild(Ljava/lang/Object;Lorg/junit/runner/notification/RunNotifier;)V+6
j  org.junit.runners.ParentRunner$3.run()V+12
j  org.junit.runners.ParentRunner$1.schedule(Ljava/lang/Runnable;)V+1
j  org.junit.runners.ParentRunner.runChildren(Lorg/junit/runner/notification/RunNotifier;)V+40
j  org.junit.runners.ParentRunner.access$000(Lorg/junit/runners/ParentRunner;Lorg/junit/runner/notification/RunNotifier;)V+2
j  org.junit.runners.ParentRunner$2.evaluate()V+8
j  org.junit.runners.ParentRunner.run(Lorg/junit/runner/notification/RunNotifier;)V+20
j  org.mockito.internal.runners.DefaultInternalRunner$1.run(Lorg/junit/runner/notification/RunNotifier;)V+17
j  org.mockito.internal.runners.DefaultInternalRunner.run(Lorg/junit/runner/notification/RunNotifier;)V+5
j  org.mockito.internal.runners.StrictRunner.run(Lorg/junit/runner/notification/RunNotifier;)V+36
j  org.mockito.junit.MockitoJUnitRunner.run(Lorg/junit/runner/notification/RunNotifier;)V+5
j  org.junit.runner.JUnitCore.run(Lorg/junit/runner/Runner;)Lorg/junit/runner/Result;+37
j  com.intellij.junit4.JUnit4IdeaTestRunner.startRunnerWithArgs([Ljava/lang/String;Ljava/lang/String;IZ)I+146
j  com.intellij.rt.execution.junit.IdeaTestRunner$Repeater.startRunnerWithArgs(Lcom/intellij/rt/execution/junit/IdeaTestRunner;[Ljava/lang/String;Ljava/util/ArrayList;Ljava/lang/String;IZ)I+22
j  com.intellij.rt.execution.junit.JUnitStarter.prepareStreamsAndStart([Ljava/lang/String;Ljava/lang/String;Ljava/util/ArrayList;Ljava/lang/String;)I+116
j  com.intellij.rt.execution.junit.JUnitStarter.main([Ljava/lang/String;)V+116
v  ~StubRoutines::call_stub

---------------  P R O C E S S  ---------------

Java Threads: ( => current thread )
  0x000000001e9d4800 JavaThread "Service Thread" daemon [_thread_blocked, id=24312, stack(0x000000001f580000,0x000000001f680000)]
  0x000000001e954800 JavaThread "C1 CompilerThread3" daemon [_thread_blocked, id=4928, stack(0x000000001f480000,0x000000001f580000)]
  0x000000001e953000 JavaThread "C2 CompilerThread2" daemon [_thread_blocked, id=23768, stack(0x000000001f380000,0x000000001f480000)]
  0x000000001e94f800 JavaThread "C2 CompilerThread1" daemon [_thread_in_native, id=8964, stack(0x000000001f280000,0x000000001f380000)]
  0x000000001e8f8800 JavaThread "C2 CompilerThread0" daemon [_thread_in_native, id=368, stack(0x000000001f180000,0x000000001f280000)]
  0x000000001e8f6800 JavaThread "Monitor Ctrl-Break" daemon [_thread_in_native, id=16164, stack(0x000000001f080000,0x000000001f180000)]
  0x000000001e891000 JavaThread "Attach Listener" daemon [_thread_blocked, id=20416, stack(0x000000001ef70000,0x000000001f070000)]
  0x000000001e8d9800 JavaThread "Signal Dispatcher" daemon [_thread_blocked, id=18296, stack(0x000000001ee70000,0x000000001ef70000)]
  0x000000001e870800 JavaThread "Finalizer" daemon [_thread_blocked, id=8264, stack(0x000000001ec50000,0x000000001ed50000)]
  0x000000001c92c800 JavaThread "Reference Handler" daemon [_thread_blocked, id=19952, stack(0x000000001e750000,0x000000001e850000)]
=>0x0000000002d27000 JavaThread "main" [_thread_in_vm, id=9188, stack(0x0000000002c20000,0x0000000002d20000)]

Other Threads:
  0x000000001c928800 VMThread [stack: 0x000000001e650000,0x000000001e750000] [id=10168]
  0x000000001e9d6000 WatcherThread [stack: 0x000000001f680000,0x000000001f780000] [id=24324]

VM state:not at safepoint (normal execution)

VM Mutex/Monitor currently owned by a thread: None

Heap:
 PSYoungGen      total 76288K, used 13285K [0x000000076b500000, 0x0000000774a00000, 0x00000007c0000000)
  eden space 65536K, 3% used [0x000000076b500000,0x000000076b77f630,0x000000076f500000)
  from space 10752K, 99% used [0x000000076f500000,0x000000076ff79dd8,0x000000076ff80000)
  to   space 10752K, 0% used [0x0000000773f80000,0x0000000773f80000,0x0000000774a00000)
 ParOldGen       total 175104K, used 24101K [0x00000006c1e00000, 0x00000006cc900000, 0x000000076b500000)
  object space 175104K, 13% used [0x00000006c1e00000,0x00000006c3589630,0x00000006cc900000)
 Metaspace       used 11829K, capacity 12080K, committed 12416K, reserved 1060864K
  class space    used 1757K, capacity 1836K, committed 1920K, reserved 1048576K

Card table byte_map: [0x00000000122e0000,0x0000000012ae0000] byte_map_base: 0x000000000ecd1000

Marking Bits: (ParMarkBitMap*) 0x0000000058925aa0
 Begin Bits: [0x0000000013830000, 0x00000000177b8000)
 End Bits:   [0x00000000177b8000, 0x000000001b740000)

Polling page: 0x0000000000d00000

CodeCache: size=245760Kb used=4295Kb max_used=4308Kb free=241464Kb
 bounds [0x0000000002f20000, 0x0000000003360000, 0x0000000011f20000]
 total_blobs=1610 nmethods=1265 adapters=258
 compilation: enabled

Compilation events (10 events):
Event: 2.451 Thread 0x000000001e954800 nmethod 1262 0x00000000033540d0 code [0x0000000003354280, 0x0000000003354938]
Event: 2.452 Thread 0x000000001e953000 1263       4       org.mockito.internal.invocation.DefaultInvocationFactory::createInvocation (29 bytes)
Event: 2.452 Thread 0x000000001e8f8800 1265       4       org.mockito.internal.invocation.ArgumentsProcessor::expandVarArgs (113 bytes)
Event: 2.452 Thread 0x000000001e8f8800 nmethod 1265 0x0000000003344610 code [0x0000000003344740, 0x00000000033447b8]
Event: 2.452 Thread 0x000000001e8f8800 1264       4       org.mockito.internal.invocation.InterceptedInvocation::<init> (47 bytes)
Event: 2.454 Thread 0x000000001e8f8800 nmethod 1264 0x0000000003353a50 code [0x0000000003353ba0, 0x0000000003353d58]
Event: 2.454 Thread 0x000000001e8f8800 1266   !   4       org.mockito.internal.handler.InvocationNotifierHandler::handle (28 bytes)
Event: 2.461 Thread 0x000000001e953000 nmethod 1263 0x0000000003352010 code [0x00000000033521e0, 0x0000000003352d68]
Event: 2.510 Thread 0x000000001e953000 1267       4       java.lang.Integer::numberOfLeadingZeros (76 bytes)
Event: 2.510 Thread 0x000000001e953000 nmethod 1267 0x0000000003351d50 code [0x0000000003351e80, 0x0000000003351f38]

GC Heap History (6 events):
Event: 0.989 GC heap before
{Heap before GC invocations=1 (full 0):
 PSYoungGen      total 76288K, used 65536K [0x000000076b500000, 0x0000000770a00000, 0x00000007c0000000)
  eden space 65536K, 100% used [0x000000076b500000,0x000000076f500000,0x000000076f500000)
  from space 10752K, 0% used [0x000000076ff80000,0x000000076ff80000,0x0000000770a00000)
  to   space 10752K, 0% used [0x000000076f500000,0x000000076f500000,0x000000076ff80000)
 ParOldGen       total 175104K, used 0K [0x00000006c1e00000, 0x00000006cc900000, 0x000000076b500000)
  object space 175104K, 0% used [0x00000006c1e00000,0x00000006c1e00000,0x00000006cc900000)
 Metaspace       used 7191K, capacity 7362K, committed 7552K, reserved 1056768K
  class space    used 1006K, capacity 1045K, committed 1152K, reserved 1048576K
Event: 0.993 GC heap after
Heap after GC invocations=1 (full 0):
 PSYoungGen      total 76288K, used 4206K [0x000000076b500000, 0x0000000770a00000, 0x00000007c0000000)
  eden space 65536K, 0% used [0x000000076b500000,0x000000076b500000,0x000000076f500000)
  from space 10752K, 39% used [0x000000076f500000,0x000000076f91b8d0,0x000000076ff80000)
  to   space 10752K, 0% used [0x000000076ff80000,0x000000076ff80000,0x0000000770a00000)
 ParOldGen       total 175104K, used 8K [0x00000006c1e00000, 0x00000006cc900000, 0x000000076b500000)
  object space 175104K, 0% used [0x00000006c1e00000,0x00000006c1e02000,0x00000006cc900000)
 Metaspace       used 7191K, capacity 7362K, committed 7552K, reserved 1056768K
  class space    used 1006K, capacity 1045K, committed 1152K, reserved 1048576K
}
Event: 1.581 GC heap before
{Heap before GC invocations=2 (full 0):
 PSYoungGen      total 76288K, used 69742K [0x000000076b500000, 0x0000000770a00000, 0x00000007c0000000)
  eden space 65536K, 100% used [0x000000076b500000,0x000000076f500000,0x000000076f500000)
  from space 10752K, 39% used [0x000000076f500000,0x000000076f91b8d0,0x000000076ff80000)
  to   space 10752K, 0% used [0x000000076ff80000,0x000000076ff80000,0x0000000770a00000)
 ParOldGen       total 175104K, used 8K [0x00000006c1e00000, 0x00000006cc900000, 0x000000076b500000)
  object space 175104K, 0% used [0x00000006c1e00000,0x00000006c1e02000,0x00000006cc900000)
 Metaspace       used 11129K, capacity 11392K, committed 11520K, reserved 1058816K
  class space    used 1638K, capacity 1736K, committed 1792K, reserved 1048576K
Event: 1.585 GC heap after
Heap after GC invocations=2 (full 0):
 PSYoungGen      total 76288K, used 4775K [0x000000076b500000, 0x0000000770a00000, 0x00000007c0000000)
  eden space 65536K, 0% used [0x000000076b500000,0x000000076b500000,0x000000076f500000)
  from space 10752K, 44% used [0x000000076ff80000,0x0000000770429c28,0x0000000770a00000)
  to   space 10752K, 0% used [0x000000076f500000,0x000000076f500000,0x000000076ff80000)
 ParOldGen       total 175104K, used 16K [0x00000006c1e00000, 0x00000006cc900000, 0x000000076b500000)
  object space 175104K, 0% used [0x00000006c1e00000,0x00000006c1e04000,0x00000006cc900000)
 Metaspace       used 11129K, capacity 11392K, committed 11520K, reserved 1058816K
  class space    used 1638K, capacity 1736K, committed 1792K, reserved 1048576K
}
Event: 2.468 GC heap before
{Heap before GC invocations=3 (full 0):
 PSYoungGen      total 76288K, used 70311K [0x000000076b500000, 0x0000000770a00000, 0x00000007c0000000)
  eden space 65536K, 100% used [0x000000076b500000,0x000000076f500000,0x000000076f500000)
  from space 10752K, 44% used [0x000000076ff80000,0x0000000770429c28,0x0000000770a00000)
  to   space 10752K, 0% used [0x000000076f500000,0x000000076f500000,0x000000076ff80000)
 ParOldGen       total 175104K, used 16K [0x00000006c1e00000, 0x00000006cc900000, 0x000000076b500000)
  object space 175104K, 0% used [0x00000006c1e00000,0x00000006c1e04000,0x00000006cc900000)
 Metaspace       used 11829K, capacity 12080K, committed 12416K, reserved 1060864K
  class space    used 1757K, capacity 1836K, committed 1920K, reserved 1048576K
Event: 2.489 GC heap after
Heap after GC invocations=3 (full 0):
 PSYoungGen      total 76288K, used 10727K [0x000000076b500000, 0x0000000774a00000, 0x00000007c0000000)
  eden space 65536K, 0% used [0x000000076b500000,0x000000076b500000,0x000000076f500000)
  from space 10752K, 99% used [0x000000076f500000,0x000000076ff79dd8,0x000000076ff80000)
  to   space 10752K, 0% used [0x0000000773f80000,0x0000000773f80000,0x0000000774a00000)
 ParOldGen       total 175104K, used 24101K [0x00000006c1e00000, 0x00000006cc900000, 0x000000076b500000)
  object space 175104K, 13% used [0x00000006c1e00000,0x00000006c3589630,0x00000006cc900000)
 Metaspace       used 11829K, capacity 12080K, committed 12416K, reserved 1060864K
  class space    used 1757K, capacity 1836K, committed 1920K, reserved 1048576K
}

Deoptimization events (4 events):
Event: 0.502 Thread 0x0000000002d27000 Uncommon trap: reason=unstable_if action=reinterpret pc=0x00000000030f7e90 method=sun.misc.MetaIndex.mayContain(Ljava/lang/String;)Z @ 38
Event: 1.056 Thread 0x0000000002d27000 Uncommon trap: reason=range_check action=make_not_entrant pc=0x00000000031589a8 method=sun.reflect.generics.parser.SignatureParser.current()C @ 34
Event: 1.376 Thread 0x0000000002d27000 Uncommon trap: reason=unstable_if action=reinterpret pc=0x00000000031bde74 method=java.lang.String.lastIndexOf([CII[CIII)I @ 66
Event: 2.421 Thread 0x0000000002d27000 Uncommon trap: reason=unstable_if action=reinterpret pc=0x0000000003346d60 method=io.reactivex.internal.util.OpenHashSet.removeEntry(I[Ljava/lang/Object;I)Z @ 64

Classes redefined (0 events):
No events

Internal exceptions (10 events):
Event: 0.352 Thread 0x0000000002d27000 Exception <a 'java/security/PrivilegedActionException'> (0x000000076bacc458) thrown at [D:\src\AOSP-openjdk-cygwin\jdk8u\hotspot\src\share\vm\prims\jvm.cpp, line 1390]
Event: 0.363 Thread 0x0000000002d27000 Exception <a 'java/security/PrivilegedActionException'> (0x000000076bb17e30) thrown at [D:\src\AOSP-openjdk-cygwin\jdk8u\hotspot\src\share\vm\prims\jvm.cpp, line 1390]
Event: 0.363 Thread 0x0000000002d27000 Exception <a 'java/security/PrivilegedActionException'> (0x000000076bb18040) thrown at [D:\src\AOSP-openjdk-cygwin\jdk8u\hotspot\src\share\vm\prims\jvm.cpp, line 1390]
Event: 0.363 Thread 0x0000000002d27000 Exception <a 'java/security/PrivilegedActionException'> (0x000000076bb19330) thrown at [D:\src\AOSP-openjdk-cygwin\jdk8u\hotspot\src\share\vm\prims\jvm.cpp, line 1390]
Event: 0.363 Thread 0x0000000002d27000 Exception <a 'java/security/PrivilegedActionException'> (0x000000076bb19540) thrown at [D:\src\AOSP-openjdk-cygwin\jdk8u\hotspot\src\share\vm\prims\jvm.cpp, line 1390]
Event: 1.056 Thread 0x0000000002d27000 Exception <a 'java/lang/ArrayIndexOutOfBoundsException': 18> (0x000000076bdc83f8) thrown at [D:\src\AOSP-openjdk-cygwin\jdk8u\hotspot\src\share\vm\interpreter\interpreterRuntime.cpp, line 366]
Event: 1.070 Thread 0x0000000002d27000 Exception <a 'java/lang/ArrayIndexOutOfBoundsException': 22> (0x000000076bfa4600) thrown at [D:\src\AOSP-openjdk-cygwin\jdk8u\hotspot\src\share\vm\interpreter\interpreterRuntime.cpp, line 366]
Event: 1.071 Thread 0x0000000002d27000 Exception <a 'java/lang/ArrayIndexOutOfBoundsException': 160> (0x000000076bfa91d0) thrown at [D:\src\AOSP-openjdk-cygwin\jdk8u\hotspot\src\share\vm\interpreter\interpreterRuntime.cpp, line 366]
Event: 1.423 Thread 0x0000000002d27000 Exception <a 'java/lang/NoSuchFieldError': method resolution failed> (0x000000076e189af0) thrown at [D:\src\AOSP-openjdk-cygwin\jdk8u\hotspot\src\share\vm\prims\methodHandles.cpp, line 1167]
Event: 1.424 Thread 0x0000000002d27000 Exception <a 'java/lang/NoSuchFieldError': method resolution failed> (0x000000076e197aa8) thrown at [D:\src\AOSP-openjdk-cygwin\jdk8u\hotspot\src\share\vm\prims\methodHandles.cpp, line 1167]

Events (10 events):
Event: 1.719 loading class java/util/concurrent/ExecutorService
Event: 1.719 loading class java/util/concurrent/ExecutorService done
Event: 1.719 loading class java/util/concurrent/ScheduledExecutorService done
Event: 1.719 loading class io/reactivex/internal/schedulers/DisposeOnCancel
Event: 1.719 loading class io/reactivex/internal/schedulers/DisposeOnCancel done
Event: 2.421 Thread 0x0000000002d27000 Uncommon trap: trap_request=0xffffff65 fr.pc=0x0000000003346d60
Event: 2.421 Thread 0x0000000002d27000 DEOPT PACKING pc=0x0000000003346d60 sp=0x0000000002d1d6d0
Event: 2.421 Thread 0x0000000002d27000 DEOPT UNPACKING pc=0x0000000002f6557b sp=0x0000000002d1d590 mode 2
Event: 2.468 Executing VM operation: ParallelGCFailedAllocation
Event: 2.489 Executing VM operation: ParallelGCFailedAllocation done


Dynamic libraries:
0x00007ff6fd040000 - 0x00007ff6fd071000 	D:\Android Studio\jre\bin\java.exe
0x00007ffdb7f80000 - 0x00007ffdb816d000 	C:\WINDOWS\SYSTEM32\ntdll.dll
0x00007ffdb79f0000 - 0x00007ffdb7aa3000 	C:\WINDOWS\System32\KERNEL32.DLL
0x00007ffdb4de0000 - 0x00007ffdb5073000 	C:\WINDOWS\System32\KERNELBASE.dll
0x00007ffdb7be0000 - 0x00007ffdb7c83000 	C:\WINDOWS\System32\ADVAPI32.dll
0x00007ffdb7650000 - 0x00007ffdb76ee000 	C:\WINDOWS\System32\msvcrt.dll
0x00007ffdb7950000 - 0x00007ffdb79ee000 	C:\WINDOWS\System32\sechost.dll
0x00007ffdb7ab0000 - 0x00007ffdb7bd2000 	C:\WINDOWS\System32\RPCRT4.dll
0x00007ffdb7db0000 - 0x00007ffdb7f47000 	C:\WINDOWS\System32\USER32.dll
0x00007ffdb4dc0000 - 0x00007ffdb4de0000 	C:\WINDOWS\System32\win32u.dll
0x00007ffdb6a20000 - 0x00007ffdb6a49000 	C:\WINDOWS\System32\GDI32.dll
0x00007ffdb41f0000 - 0x00007ffdb438a000 	C:\WINDOWS\System32\gdi32full.dll
0x00007ffdb4150000 - 0x00007ffdb41f0000 	C:\WINDOWS\System32\msvcp_win.dll
0x00007ffdb4050000 - 0x00007ffdb414c000 	C:\WINDOWS\System32\ucrtbase.dll
0x00007ffda38d0000 - 0x00007ffda3b49000 	C:\WINDOWS\WinSxS\amd64_microsoft.windows.common-controls_6595b64144ccf1df_6.0.17763.292_none_05b137b40722e6bb\COMCTL32.dll
0x00007ffdb7080000 - 0x00007ffdb73ad000 	C:\WINDOWS\System32\combase.dll
0x00007ffdb5080000 - 0x00007ffdb50fe000 	C:\WINDOWS\System32\bcryptPrimitives.dll
0x00007ffdb7620000 - 0x00007ffdb764e000 	C:\WINDOWS\System32\IMM32.DLL
0x000000005a940000 - 0x000000005aa12000 	D:\Android Studio\jre\jre\bin\msvcr100.dll
0x0000000058160000 - 0x00000000589a1000 	D:\Android Studio\jre\jre\bin\server\jvm.dll
0x00007ffdb52c0000 - 0x00007ffdb52c8000 	C:\WINDOWS\System32\PSAPI.DLL
0x00007ffdafe00000 - 0x00007ffdafe09000 	C:\WINDOWS\SYSTEM32\WSOCK32.dll
0x00007ffda9fb0000 - 0x00007ffda9fd4000 	C:\WINDOWS\SYSTEM32\WINMM.dll
0x00007ffdb21d0000 - 0x00007ffdb21da000 	C:\WINDOWS\SYSTEM32\VERSION.dll
0x00007ffdb7700000 - 0x00007ffdb776d000 	C:\WINDOWS\System32\WS2_32.dll
0x00007ffda9f80000 - 0x00007ffda9fad000 	C:\WINDOWS\SYSTEM32\winmmbase.dll
0x00007ffdb4390000 - 0x00007ffdb43da000 	C:\WINDOWS\System32\cfgmgr32.dll
0x00007ffdaf350000 - 0x00007ffdaf35f000 	D:\Android Studio\jre\jre\bin\verify.dll
0x00007ffdab7d0000 - 0x00007ffdab7f9000 	D:\Android Studio\jre\jre\bin\java.dll
0x00007ffdae490000 - 0x00007ffdae4b3000 	D:\Android Studio\jre\jre\bin\instrument.dll
0x00007ffdab670000 - 0x00007ffdab686000 	D:\Android Studio\jre\jre\bin\zip.dll
0x00007ffdb52e0000 - 0x00007ffdb67cf000 	C:\WINDOWS\System32\SHELL32.dll
0x00007ffdb5210000 - 0x00007ffdb52b8000 	C:\WINDOWS\System32\shcore.dll
0x00007ffdb4490000 - 0x00007ffdb4bda000 	C:\WINDOWS\System32\windows.storage.dll
0x00007ffdb4020000 - 0x00007ffdb4044000 	C:\WINDOWS\System32\profapi.dll
0x00007ffdb3fa0000 - 0x00007ffdb3ffd000 	C:\WINDOWS\System32\powrprof.dll
0x00007ffdb51b0000 - 0x00007ffdb5202000 	C:\WINDOWS\System32\shlwapi.dll
0x00007ffdb3f80000 - 0x00007ffdb3f91000 	C:\WINDOWS\System32\kernel.appcore.dll
0x00007ffdb5190000 - 0x00007ffdb51a7000 	C:\WINDOWS\System32\cryptsp.dll
0x00007ffda9770000 - 0x00007ffda978a000 	D:\Android Studio\bin\breakgen64.dll
0x00007ffdab5f0000 - 0x00007ffdab60a000 	D:\Android Studio\jre\jre\bin\net.dll
0x00007ffdb3810000 - 0x00007ffdb3877000 	C:\WINDOWS\system32\mswsock.dll

VM Arguments:
jvm_args: -ea -Didea.test.cyclic.buffer.size=1048576 -javaagent:D:\Android Studio\lib\idea_rt.jar=60299:D:\Android Studio\bin -Dfile.encoding=UTF-8 
java_command: com.intellij.rt.execution.junit.JUnitStarter -ideVersion5 -junit4 com.elmilabs.scooters.scooterListing.ScooterListPresenterTest
java_class_path (initial): D:\Android Studio\lib\idea_rt.jar;D:\Android Studio\plugins\junit\lib\junit-rt.jar;D:\Android Studio\plugins\junit\lib\junit5-rt.jar;D:\AndroidSDK\platforms\android-28\data\res;D:\ElmiLabs\Scooters\app\build\intermediates\javac\debugUnitTest\compileDebugUnitTestJavaWithJavac\classes;D:\ElmiLabs\Scooters\app\build\intermediates\javac\debug\compileDebugJavaWithJavac\classes;D:\ElmiLabs\Scooters\app\build\tmp\kotlin-classes\debug;D:\ElmiLabs\Scooters\app\build\tmp\kapt3\classes\debug;D:\ElmiLabs\Scooters\app\build\generated\res\rs\debug;D:\ElmiLabs\Scooters\app\build\generated\res\resValues\debug;D:\ElmiLabs\Scooters\app\build\tmp\kotlin-classes\debugUnitTest;D:\ElmiLabs\Scooters\app\build\tmp\kapt3\classes\debugUnitTest;C:\Users\Desktop\.gradle\caches\modules-2\files-2.1\org.objenesis\objenesis\2.6\639033469776fd37c08358c6b92a4761feb2af4b\objenesis-2.6.jar;C:\Users\Desktop\.gradle\caches\modules-2\files-2.1\org.jetbrains.kotlin\kotlin-stdlib-common\1.3.21\f30e4a9897913e53d778f564110bafa1fef46643\kotlin-stdlib-common-1.3.21.jar;C:\Users\Desktop\.gradle\caches\transforms-1\files-1.1\drawerlayout-1.0.0.aar\2d797e78ade671471ca656a4baa1880b\jars\classes.jar;C:\Users\Desktop\.gradle\caches\transforms-1\files-1.1\documentfile-1.0.0.aar\6745690cda7ec1e353f40f089d64c584\jars\classes.jar;C:\Users\Desktop\.gradle\caches\transforms-1\files-1.1\localbroadcastmanager-1.0.0.aar\6f02fdeb3d090003c0c7b6e17c678c10\jars\classes.jar;C:\Users\Desktop\.gradle\caches\modules-2\files-2.1\com.squareup.okhttp3\okhttp\3.12.1\dc6d02e4e68514eff5631963e28ca7742ac69efe\okhttp-3.12.1.jar;C:\Users\Desktop\.gradle\caches\transforms-1\files-1.1\cardview-1.0.0.aar\8e4e9d5a6971a3fe62c318398c36902a\jars\classes.jar;C:\Users\Desktop\.gradle\caches\transforms-1\files-1.1\cardview-1.0.0.aar\8e4e9d5a6971a3fe62c318398c36902a\res;C:\Users\Desktop\.gradle\caches\transforms-1\files-1.1\recyclerview-1.0.0.aar\3fbf98379eb4ca706d1a3ef90b000ef4\jars\classes.jar;C:\Users\Desktop\.gradle\cac
Launcher Type: SUN_STANDARD

Environment Variables:
JAVA_HOME=C:\Program Files\Java\jdk1.8.0_111
PATH=C:\Program Files (x86)\Common Files\Oracle\Java\javapath;C:\Program Files\Java\jdk1.8.0_111;C:\Windows\system32;C:\Windows;C:\Windows\System32\Wbem;C:\Windows\System32\WindowsPowerShell\v1.0\;C:\Program Files\Intel\WiFi\bin\;C:\Program Files\Common Files\Intel\WirelessCommon\;C:\WINDOWS\system32;C:\WINDOWS;C:\WINDOWS\System32\Wbem;C:\WINDOWS\System32\WindowsPowerShell\v1.0\;C:\Program Files\Git\cmd;C:\WINDOWS\System32\OpenSSH\;C:\Program Files (x86)\NVIDIA Corporation\PhysX\Common;C:\Program Files\NVIDIA Corporation\NVIDIA NvDLISR;;C:\WINDOWS\system32;C:\WINDOWS;C:\WINDOWS\System32\Wbem;C:\WINDOWS\System32\WindowsPowerShell\v1.0\;C:\WINDOWS\System32\OpenSSH\;D:\Program Files\nodejs\;C:\Users\Desktop\AppData\Local\Microsoft\WindowsApps;C:\Program Files\Intel\WiFi\bin\;C:\Program Files\Common Files\Intel\WirelessCommon\;D:\Exercism;C:\Users\Desktop\AppData\Local\GitHubDesktop\bin;C:\Users\Desktop\AppData\Roaming\npm
USERNAME=Desktop
OS=Windows_NT
PROCESSOR_IDENTIFIER=Intel64 Family 6 Model 94 Stepping 3, GenuineIntel



---------------  S Y S T E M  ---------------

OS: Windows 10.0 , 64 bit Build 17763 (10.0.17763.292)

CPU:total 8 (initial active 8) (4 cores per cpu, 2 threads per core) family 6 model 94 stepping 3, cmov, cx8, fxsr, mmx, sse, sse2, sse3, ssse3, sse4.1, sse4.2, popcnt, avx, avx2, aes, clmul, erms, rtm, 3dnowpref, lzcnt, ht, tsc, tscinvbit, bmi1, bmi2, adx

Memory: 4k page, physical 16650768k(1642304k free), swap 32113808k(5120k free)

vm_info: OpenJDK 64-Bit Server VM (25.152-b01) for windows-amd64 JRE (1.8.0_152-release-1248-b01), built by "builder" with MS VC++ 10.0 (VS2010)

time: Sun Feb 17 06:36:04 2019
elapsed time: 2 seconds (0d 0h 0m 2s)

